This is pdfTeX, Version 3.14159265-2.6-1.40.21 (MiKTeX 2.9.7300 64-bit) (preloaded format=pdflatex 2020.9.17)  7 NOV 2020 02:21
entering extended mode
**./Project2.tex
(Project2.tex
LaTeX2e <2020-02-02> patch level 5
L3 programming layer <2020-03-06>
("C:\Users\Sander\AppData\Local\Programs\MiKTeX 2.9\tex/latex/base\article.cls"
Document Class: article 2019/12/20 v1.4l Standard LaTeX document class
("C:\Users\Sander\AppData\Local\Programs\MiKTeX 2.9\tex/latex/base\size12.clo"
File: size12.clo 2019/12/20 v1.4l Standard LaTeX file (size option)
)
\c@part=\count167
\c@section=\count168
\c@subsection=\count169
\c@subsubsection=\count170
\c@paragraph=\count171
\c@subparagraph=\count172
\c@figure=\count173
\c@table=\count174
\abovecaptionskip=\skip47
\belowcaptionskip=\skip48
\bibindent=\dimen134
)
("C:\Users\Sander\AppData\Local\Programs\MiKTeX 2.9\tex/latex/base\inputenc.sty
"
Package: inputenc 2018/08/11 v1.3c Input encoding file
\inpenc@prehook=\toks15
\inpenc@posthook=\toks16
)
("C:\Users\Sander\AppData\Local\Programs\MiKTeX 2.9\tex/latex/amsmath\amsmath.s
ty"
Package: amsmath 2020/01/20 v2.17e AMS math features
\@mathmargin=\skip49

For additional information on amsmath, use the `?' option.

("C:\Users\Sander\AppData\Local\Programs\MiKTeX 2.9\tex/latex/amsmath\amstext.s
ty"
Package: amstext 2000/06/29 v2.01 AMS text

("C:\Users\Sander\AppData\Local\Programs\MiKTeX 2.9\tex/latex/amsmath\amsgen.st
y"
File: amsgen.sty 1999/11/30 v2.0 generic functions
\@emptytoks=\toks17
\ex@=\dimen135
))
("C:\Users\Sander\AppData\Local\Programs\MiKTeX 2.9\tex/latex/amsmath\amsbsy.st
y"
Package: amsbsy 1999/11/29 v1.2d Bold Symbols
\pmbraise@=\dimen136
)
("C:\Users\Sander\AppData\Local\Programs\MiKTeX 2.9\tex/latex/amsmath\amsopn.st
y"
Package: amsopn 2016/03/08 v2.02 operator names
)
\inf@bad=\count175
LaTeX Info: Redefining \frac on input line 227.
\uproot@=\count176
\leftroot@=\count177
LaTeX Info: Redefining \overline on input line 389.
\classnum@=\count178
\DOTSCASE@=\count179
LaTeX Info: Redefining \ldots on input line 486.
LaTeX Info: Redefining \dots on input line 489.
LaTeX Info: Redefining \cdots on input line 610.
\Mathstrutbox@=\box45
\strutbox@=\box46
\big@size=\dimen137
LaTeX Font Info:    Redeclaring font encoding OML on input line 733.
LaTeX Font Info:    Redeclaring font encoding OMS on input line 734.
\macc@depth=\count180
\c@MaxMatrixCols=\count181
\dotsspace@=\muskip16
\c@parentequation=\count182
\dspbrk@lvl=\count183
\tag@help=\toks18
\row@=\count184
\column@=\count185
\maxfields@=\count186
\andhelp@=\toks19
\eqnshift@=\dimen138
\alignsep@=\dimen139
\tagshift@=\dimen140
\tagwidth@=\dimen141
\totwidth@=\dimen142
\lineht@=\dimen143
\@envbody=\toks20
\multlinegap=\skip50
\multlinetaggap=\skip51
\mathdisplay@stack=\toks21
LaTeX Info: Redefining \[ on input line 2859.
LaTeX Info: Redefining \] on input line 2860.
)
("C:\Users\Sander\AppData\Local\Programs\MiKTeX 2.9\tex/latex/amsfonts\amsfonts
.sty"
Package: amsfonts 2013/01/14 v3.01 Basic AMSFonts support
\symAMSa=\mathgroup4
\symAMSb=\mathgroup5
LaTeX Font Info:    Redeclaring math symbol \hbar on input line 98.
LaTeX Font Info:    Overwriting math alphabet `\mathfrak' in version `bold'
(Font)                  U/euf/m/n --> U/euf/b/n on input line 106.
)
("C:\Users\Sander\AppData\Local\Programs\MiKTeX 2.9\tex/latex/amsfonts\amssymb.
sty"
Package: amssymb 2013/01/14 v3.01 AMS font symbols
)
("C:\Users\Sander\AppData\Local\Programs\MiKTeX 2.9\tex/latex/graphics\graphicx
.sty"
Package: graphicx 2019/11/30 v1.2a Enhanced LaTeX Graphics (DPC,SPQR)

("C:\Users\Sander\AppData\Local\Programs\MiKTeX 2.9\tex/latex/graphics\keyval.s
ty"
Package: keyval 2014/10/28 v1.15 key=value parser (DPC)
\KV@toks@=\toks22
)
("C:\Users\Sander\AppData\Local\Programs\MiKTeX 2.9\tex/latex/graphics\graphics
.sty"
Package: graphics 2019/11/30 v1.4a Standard LaTeX Graphics (DPC,SPQR)

("C:\Users\Sander\AppData\Local\Programs\MiKTeX 2.9\tex/latex/graphics\trig.sty
"
Package: trig 2016/01/03 v1.10 sin cos tan (DPC)
)
("C:\Users\Sander\AppData\Local\Programs\MiKTeX 2.9\tex/latex/graphics-cfg\grap
hics.cfg"
File: graphics.cfg 2016/06/04 v1.11 sample graphics configuration
)
Package graphics Info: Driver file: pdftex.def on input line 105.

("C:\Users\Sander\AppData\Local\Programs\MiKTeX 2.9\tex/latex/graphics-def\pdft
ex.def"
File: pdftex.def 2018/01/08 v1.0l Graphics/color driver for pdftex
))
\Gin@req@height=\dimen144
\Gin@req@width=\dimen145
)
("C:\Users\Sander\AppData\Local\Programs\MiKTeX 2.9\tex/latex/listings\listings
.sty"
\lst@mode=\count187
\lst@gtempboxa=\box47
\lst@token=\toks23
\lst@length=\count188
\lst@currlwidth=\dimen146
\lst@column=\count189
\lst@pos=\count190
\lst@lostspace=\dimen147
\lst@width=\dimen148
\lst@newlines=\count191
\lst@lineno=\count192
\lst@maxwidth=\dimen149

("C:\Users\Sander\AppData\Local\Programs\MiKTeX 2.9\tex/latex/listings\lstmisc.
sty"
File: lstmisc.sty 2019/09/10 1.8c (Carsten Heinz)
\c@lstnumber=\count193
\lst@skipnumbers=\count194
\lst@framebox=\box48
)
("C:\Users\Sander\AppData\Local\Programs\MiKTeX 2.9\tex/latex/listings\listings
.cfg"
File: listings.cfg 2019/09/10 1.8c listings configuration
))
Package: listings 2019/09/10 1.8c (Carsten Heinz)

("C:\Users\Sander\AppData\Local\Programs\MiKTeX 2.9\tex/latex/geometry\geometry
.sty"
Package: geometry 2020/01/02 v5.9 Page Geometry

("C:\Users\Sander\AppData\Local\Programs\MiKTeX 2.9\tex/generic/iftex\ifvtex.st
y"
Package: ifvtex 2019/10/25 v1.7 ifvtex legacy package. Use iftex instead.

("C:\Users\Sander\AppData\Local\Programs\MiKTeX 2.9\tex/generic/iftex\iftex.sty
"
Package: iftex 2020/03/06 v1.0d TeX engine tests
))
\Gm@cnth=\count195
\Gm@cntv=\count196
\c@Gm@tempcnt=\count197
\Gm@bindingoffset=\dimen150
\Gm@wd@mp=\dimen151
\Gm@odd@mp=\dimen152
\Gm@even@mp=\dimen153
\Gm@layoutwidth=\dimen154
\Gm@layoutheight=\dimen155
\Gm@layouthoffset=\dimen156
\Gm@layoutvoffset=\dimen157
\Gm@dimlist=\toks24

("C:\Users\Sander\AppData\Local\Programs\MiKTeX 2.9\tex/latex/geometry\geometry
.cfg"))
("C:\Users\Sander\AppData\Local\Programs\MiKTeX 2.9\tex/latex/caption\caption.s
ty"
Package: caption 2020/01/03 v3.4h Customizing captions (AR)

("C:\Users\Sander\AppData\Local\Programs\MiKTeX 2.9\tex/latex/caption\caption3.
sty"
Package: caption3 2020/01/03 v1.8h caption3 kernel (AR)
Package caption3 Info: TeX engine: e-TeX on input line 61.
\captionmargin=\dimen158
\captionmargin@=\dimen159
\captionwidth=\dimen160
\caption@tempdima=\dimen161
\caption@indent=\dimen162
\caption@parindent=\dimen163
\caption@hangindent=\dimen164
Package caption Info: Standard document class detected.
)
\c@caption@flags=\count198
\c@continuedfloat=\count199
Package caption Info: listings package is loaded.
)
("C:\Users\Sander\AppData\Local\Programs\MiKTeX 2.9\tex/latex/caption\subcaptio
n.sty"
Package: subcaption 2020/01/22 v1.3d Sub-captions (AR)
\c@subfigure=\count266
\c@subtable=\count267
)
("C:\Users\Sander\AppData\Local\Programs\MiKTeX 2.9\tex/latex/float\float.sty"
Package: float 2001/11/08 v1.3d Float enhancements (AL)
\c@float@type=\count268
\float@exts=\toks25
\float@box=\box49
\@float@everytoks=\toks26
\@floatcapt=\box50
)
("C:\Users\Sander\AppData\Local\Programs\MiKTeX 2.9\tex/latex/refstyle\refstyle
.sty"
Package: refstyle 2010/11/02 v0.5 Reference formatting (DNJ Els)
Package refstyle Info: Config file refstyle.cfg used on input line 322.

("C:\Users\Sander\AppData\Local\Programs\MiKTeX 2.9\tex/latex/refstyle\refstyle
.cfg"
File: refstyle.cfg 2010/11/02 0.5 Configuration file for refstyle (DNJ Els)
Package refstyle Info: New reference template \newref{part} on input line 468.
Package refstyle Info: \partkey created on input line 468.
Package refstyle Info: \partlabel created on input line 468.
Package refstyle Info: \partref created on input line 468.
Package refstyle Info: \Partref created on input line 468.
Package refstyle Info: \partrangeref created on input line 468.
Package refstyle Info: \Partrangeref created on input line 468.
Package refstyle Info: \partpageref created on input line 468.
Package refstyle Info: New reference template \newref{chap} on input line 501.
Package refstyle Info: \chapkey created on input line 501.
Package refstyle Info: \chaplabel created on input line 501.
Package refstyle Info: \chapref created on input line 501.
Package refstyle Info: \Chapref created on input line 501.
Package refstyle Info: \chaprangeref created on input line 501.
Package refstyle Info: \Chaprangeref created on input line 501.
Package refstyle Info: \chappageref created on input line 501.
Package refstyle Info: New reference template \newref{sec} on input line 511.
Package refstyle Info: \seckey created on input line 511.
Package refstyle Info: \seclabel created on input line 511.
Package refstyle Info: \secref created on input line 511.
Package refstyle Info: \Secref created on input line 511.
Package refstyle Info: \secrangeref created on input line 511.
Package refstyle Info: \Secrangeref created on input line 511.
Package refstyle Info: \secpageref created on input line 511.
Package refstyle Info: New reference template \newref{eq} on input line 526.
Package refstyle Info: \eqkey created on input line 526.
Package refstyle Info: \eqlabel created on input line 526.
Package refstyle Info: \eqref created on input line 526.
Package refstyle Info: \Eqref created on input line 526.
Package refstyle Info: \eqrangeref created on input line 526.
Package refstyle Info: \Eqrangeref created on input line 526.
Package refstyle Info: \eqpageref created on input line 526.
Package refstyle Info: New reference template \newref{fig} on input line 544.
Package refstyle Info: \figkey created on input line 544.
Package refstyle Info: \figlabel created on input line 544.
Package refstyle Info: \figref created on input line 544.
Package refstyle Info: \Figref created on input line 544.
Package refstyle Info: \figrangeref created on input line 544.
Package refstyle Info: \Figrangeref created on input line 544.
Package refstyle Info: \figpageref created on input line 544.
Package refstyle Info: New reference template \newref{tab} on input line 553.
Package refstyle Info: \tabkey created on input line 553.
Package refstyle Info: \tablabel created on input line 553.
Package refstyle Info: \tabref created on input line 553.
Package refstyle Info: \Tabref created on input line 553.
Package refstyle Info: \tabrangeref created on input line 553.
Package refstyle Info: \Tabrangeref created on input line 553.
Package refstyle Info: \tabpageref created on input line 553.
Package refstyle Info: New reference template \newref{fn} on input line 568.
Package refstyle Info: \fnkey created on input line 568.
Package refstyle Info: \fnlabel created on input line 568.
Package refstyle Info: \fnref created on input line 568.
Package refstyle Info: \Fnref created on input line 568.
Package refstyle Info: \fnrangeref created on input line 568.
Package refstyle Info: \Fnrangeref created on input line 568.
Package refstyle Info: \fnpageref created on input line 568.
))
("C:\Users\Sander\AppData\Local\Programs\MiKTeX 2.9\tex/latex/spverbatim\spverb
atim.sty"
Package: spverbatim 2009/08/10 v1.0 Verbatim with breakable spaces
)
("C:\Users\Sander\AppData\Local\Programs\MiKTeX 2.9\tex/latex/csvsimple\csvsimp
le.sty"
Package: csvsimple 2019/04/09 version 1.21 LaTeX CSV file processing

("C:\Users\Sander\AppData\Local\Programs\MiKTeX 2.9\tex/latex/pgf/utilities\pgf
rcs.sty"
("C:\Users\Sander\AppData\Local\Programs\MiKTeX 2.9\tex/generic/pgf/utilities\p
gfutil-common.tex"
\pgfutil@everybye=\toks27
\pgfutil@tempdima=\dimen165
\pgfutil@tempdimb=\dimen166

("C:\Users\Sander\AppData\Local\Programs\MiKTeX 2.9\tex/generic/pgf/utilities\p
gfutil-common-lists.tex"))
("C:\Users\Sander\AppData\Local\Programs\MiKTeX 2.9\tex/generic/pgf/utilities\p
gfutil-latex.def"
\pgfutil@abb=\box51

("C:\Users\Sander\AppData\Local\Programs\MiKTeX 2.9\tex/latex/ms\everyshi.sty"
Package: everyshi 2001/05/15 v3.00 EveryShipout Package (MS)
))
("C:\Users\Sander\AppData\Local\Programs\MiKTeX 2.9\tex/generic/pgf/utilities\p
gfrcs.code.tex"
("C:\Users\Sander\AppData\Local\Programs\MiKTeX 2.9\tex/generic/pgf\pgf.revisio
n.tex")
Package: pgfrcs 2020/01/08 v3.1.5b (3.1.5b)
))
("C:\Users\Sander\AppData\Local\Programs\MiKTeX 2.9\tex/latex/pgf/utilities\pgf
keys.sty"
("C:\Users\Sander\AppData\Local\Programs\MiKTeX 2.9\tex/generic/pgf/utilities\p
gfkeys.code.tex"
\pgfkeys@pathtoks=\toks28
\pgfkeys@temptoks=\toks29

("C:\Users\Sander\AppData\Local\Programs\MiKTeX 2.9\tex/generic/pgf/utilities\p
gfkeysfiltered.code.tex"
\pgfkeys@tmptoks=\toks30
)))
("C:\Users\Sander\AppData\Local\Programs\MiKTeX 2.9\tex/latex/base\ifthen.sty"
Package: ifthen 2014/09/29 v1.1c Standard LaTeX ifthen package (DPC)
)
("C:\Users\Sander\AppData\Local\Programs\MiKTeX 2.9\tex/latex/etoolbox\etoolbox
.sty"
Package: etoolbox 2019/09/21 v2.5h e-TeX tools for LaTeX (JAW)
\etb@tempcnta=\count269
)
("C:\Users\Sander\AppData\Local\Programs\MiKTeX 2.9\tex/latex/tools\shellesc.st
y"
Package: shellesc 2019/11/08 v1.0c unified shell escape interface for LaTeX
Package shellesc Info: Restricted shell escape enabled on input line 77.
)
\csv@file=\read2
\c@csvinputline=\count270
\c@csvrow=\count271
\c@csvcol=\count272
\csv@out=\write3
)
("C:\Users\Sander\AppData\Local\Programs\MiKTeX 2.9\tex/latex/adjustbox\adjustb
ox.sty"
Package: adjustbox 2019/01/04 v1.2 Adjusting TeX boxes (trim, clip, ...)

("C:\Users\Sander\AppData\Local\Programs\MiKTeX 2.9\tex/latex/xkeyval\xkeyval.s
ty"
Package: xkeyval 2014/12/03 v2.7a package option processing (HA)

("C:\Users\Sander\AppData\Local\Programs\MiKTeX 2.9\tex/generic/xkeyval\xkeyval
.tex"
("C:\Users\Sander\AppData\Local\Programs\MiKTeX 2.9\tex/generic/xkeyval\xkvutil
s.tex"
\XKV@toks=\toks31
\XKV@tempa@toks=\toks32
)
\XKV@depth=\count273
File: xkeyval.tex 2014/12/03 v2.7a key=value parser (HA)
))
("C:\Users\Sander\AppData\Local\Programs\MiKTeX 2.9\tex/latex/adjustbox\adjcalc
.sty"
Package: adjcalc 2012/05/16 v1.1 Provides advanced setlength with multiple back
-ends (calc, etex, pgfmath)
)
("C:\Users\Sander\AppData\Local\Programs\MiKTeX 2.9\tex/latex/adjustbox\trimcli
p.sty"
Package: trimclip 2018/04/08 v1.1 Trim and clip general TeX material

("C:\Users\Sander\AppData\Local\Programs\MiKTeX 2.9\tex/latex/collectbox\collec
tbox.sty"
Package: collectbox 2012/05/17 v0.4b Collect macro arguments as boxes
\collectedbox=\box52
)
\tc@llx=\dimen167
\tc@lly=\dimen168
\tc@urx=\dimen169
\tc@ury=\dimen170
Package trimclip Info: Using driver 'tc-pdftex.def'.

("C:\Users\Sander\AppData\Local\Programs\MiKTeX 2.9\tex/latex/adjustbox\tc-pdft
ex.def"
File: tc-pdftex.def 2019/01/04 v2.2 Clipping driver for pdftex
))
\adjbox@Width=\dimen171
\adjbox@Height=\dimen172
\adjbox@Depth=\dimen173
\adjbox@Totalheight=\dimen174
\adjbox@pwidth=\dimen175
\adjbox@pheight=\dimen176
\adjbox@pdepth=\dimen177
\adjbox@ptotalheight=\dimen178

("C:\Users\Sander\AppData\Local\Programs\MiKTeX 2.9\tex/latex/ifoddpage\ifoddpa
ge.sty"
Package: ifoddpage 2016/04/23 v1.1 Conditionals for odd/even page detection
\c@checkoddpage=\count274
)
("C:\Users\Sander\AppData\Local\Programs\MiKTeX 2.9\tex/latex/varwidth\varwidth
.sty"
Package: varwidth 2009/03/30 ver 0.92;  Variable-width minipages
\@vwid@box=\box53
\sift@deathcycles=\count275
\@vwid@loff=\dimen179
\@vwid@roff=\dimen180
))
("C:\Users\Sander\AppData\Local\Programs\MiKTeX 2.9\tex/latex/cancel\cancel.sty
"
Package: cancel 2013/04/12 v2.2 Cancel math terms
)
("C:\Users\Sander\AppData\Local\Programs\MiKTeX 2.9\tex/latex/scalerel\scalerel
.sty"
Package: scalerel 2016/12/29 v1.8 Routines for constrained scaling and stretchi
ng of objects, relative to a reference object or in absolute terms

("C:\Users\Sander\AppData\Local\Programs\MiKTeX 2.9\tex/latex/tools\calc.sty"
Package: calc 2017/05/25 v4.3 Infix arithmetic (KKT,FJ)
\calc@Acount=\count276
\calc@Bcount=\count277
\calc@Adimen=\dimen181
\calc@Bdimen=\dimen182
\calc@Askip=\skip52
\calc@Bskip=\skip53
LaTeX Info: Redefining \setlength on input line 80.
LaTeX Info: Redefining \addtolength on input line 81.
\calc@Ccount=\count278
\calc@Cskip=\skip54
)
\thesrwidth=\skip55
\thesrheight=\skip56
\srblobheight=\skip57
\srblobdepth=\skip58
\mnxsrwidth=\skip59
\LMex=\skip60
\LMpt=\skip61
)
("C:\Users\Sander\AppData\Local\Programs\MiKTeX 2.9\tex/latex/stackengine\stack
engine.sty"
Package: stackengine 2017/02/13 v4.01\ Stacking text and objects in convenient 
ways

("C:\Users\Sander\AppData\Local\Programs\MiKTeX 2.9\tex/latex/listofitems\listo
fitems.sty"
("C:\Users\Sander\AppData\Local\Programs\MiKTeX 2.9\tex/generic/listofitems\lis
tofitems.tex"
\loi_cnt_foreach_nest=\count279
\loi_nestcnt=\count280
)
Package: listofitems 2019/08/21 v1.63 Grab items in lists using user-specified 
sep char (CT)
)
\c@@stackindex=\count281
\@boxshift=\skip62
\stack@tmplength=\skip63
\temp@stkl=\skip64
\@stackedboxwidth=\skip65
\@addedbox=\box54
\@anchorbox=\box55
\stackedbox=\box56
\@centerbox=\box57
\c@ROWcellindex@=\count282
)
("C:\Users\Sander\AppData\Local\Programs\MiKTeX 2.9\tex/latex/listings\lstlang1
.sty"
File: lstlang1.sty 2019/09/10 1.8c listings language file
)
("C:\Users\Sander\AppData\Local\Programs\MiKTeX 2.9\tex/latex/tools\bm.sty"
Package: bm 2019/07/24 v1.2d Bold Symbol Support (DPC/FMi)
\symboldoperators=\mathgroup6
\symboldletters=\mathgroup7
\symboldsymbols=\mathgroup8
LaTeX Font Info:    Redeclaring math alphabet \mathbf on input line 141.
LaTeX Info: Redefining \bm on input line 209.
)
("C:\Users\Sander\AppData\Local\Programs\MiKTeX 2.9\tex/latex/hyperref\hyperref
.sty"
Package: hyperref 2020/01/14 v7.00d Hypertext links for LaTeX

("C:\Users\Sander\AppData\Local\Programs\MiKTeX 2.9\tex/generic/ltxcmds\ltxcmds
.sty"
Package: ltxcmds 2019/12/15 v1.24 LaTeX kernel commands for general use (HO)
)
("C:\Users\Sander\AppData\Local\Programs\MiKTeX 2.9\tex/latex/pdftexcmds\pdftex
cmds.sty"
Package: pdftexcmds 2019/11/24 v0.31 Utility functions of pdfTeX for LuaTeX (HO
)

("C:\Users\Sander\AppData\Local\Programs\MiKTeX 2.9\tex/generic/infwarerr\infwa
rerr.sty"
Package: infwarerr 2019/12/03 v1.5 Providing info/warning/error messages (HO)
)
Package pdftexcmds Info: \pdf@primitive is available.
Package pdftexcmds Info: \pdf@ifprimitive is available.
Package pdftexcmds Info: \pdfdraftmode found.
)
("C:\Users\Sander\AppData\Local\Programs\MiKTeX 2.9\tex/generic/kvsetkeys\kvset
keys.sty"
Package: kvsetkeys 2019/12/15 v1.18 Key value parser (HO)
)
("C:\Users\Sander\AppData\Local\Programs\MiKTeX 2.9\tex/generic/kvdefinekeys\kv
definekeys.sty"
Package: kvdefinekeys 2019-12-19 v1.6 Define keys (HO)
)
("C:\Users\Sander\AppData\Local\Programs\MiKTeX 2.9\tex/generic/pdfescape\pdfes
cape.sty"
Package: pdfescape 2019/12/09 v1.15 Implements pdfTeX's escape features (HO)
)
("C:\Users\Sander\AppData\Local\Programs\MiKTeX 2.9\tex/latex/hycolor\hycolor.s
ty"
Package: hycolor 2020-01-27 v1.10 Color options for hyperref/bookmark (HO)
)
("C:\Users\Sander\AppData\Local\Programs\MiKTeX 2.9\tex/latex/letltxmacro\letlt
xmacro.sty"
Package: letltxmacro 2019/12/03 v1.6 Let assignment for LaTeX macros (HO)
)
("C:\Users\Sander\AppData\Local\Programs\MiKTeX 2.9\tex/latex/auxhook\auxhook.s
ty"
Package: auxhook 2019-12-17 v1.6 Hooks for auxiliary files (HO)
)
("C:\Users\Sander\AppData\Local\Programs\MiKTeX 2.9\tex/latex/kvoptions\kvoptio
ns.sty"
Package: kvoptions 2019/11/29 v3.13 Key value format for package options (HO)
)
\@linkdim=\dimen183
\Hy@linkcounter=\count283
\Hy@pagecounter=\count284

("C:\Users\Sander\AppData\Local\Programs\MiKTeX 2.9\tex/latex/hyperref\pd1enc.d
ef"
File: pd1enc.def 2020/01/14 v7.00d Hyperref: PDFDocEncoding definition (HO)
Now handling font encoding PD1 ...
... no UTF-8 mapping file for font encoding PD1
)
("C:\Users\Sander\AppData\Local\Programs\MiKTeX 2.9\tex/generic/intcalc\intcalc
.sty"
Package: intcalc 2019/12/15 v1.3 Expandable calculations with integers (HO)
)
("C:\Users\Sander\AppData\Local\Programs\MiKTeX 2.9\tex/generic/etexcmds\etexcm
ds.sty"
Package: etexcmds 2019/12/15 v1.7 Avoid name clashes with e-TeX commands (HO)
)
\Hy@SavedSpaceFactor=\count285
Package hyperref Info: Hyper figures OFF on input line 4547.
Package hyperref Info: Link nesting OFF on input line 4552.
Package hyperref Info: Hyper index ON on input line 4555.
Package hyperref Info: Plain pages OFF on input line 4562.
Package hyperref Info: Backreferencing OFF on input line 4567.
Package hyperref Info: Implicit mode ON; LaTeX internals redefined.
Package hyperref Info: Bookmarks ON on input line 4800.
\c@Hy@tempcnt=\count286

("C:\Users\Sander\AppData\Local\Programs\MiKTeX 2.9\tex/latex/url\url.sty"
\Urlmuskip=\muskip17
Package: url 2013/09/16  ver 3.4  Verb mode for urls, etc.
)
LaTeX Info: Redefining \url on input line 5159.
\XeTeXLinkMargin=\dimen184

("C:\Users\Sander\AppData\Local\Programs\MiKTeX 2.9\tex/generic/bitset\bitset.s
ty"
Package: bitset 2019/12/09 v1.3 Handle bit-vector datatype (HO)

("C:\Users\Sander\AppData\Local\Programs\MiKTeX 2.9\tex/generic/bigintcalc\bigi
ntcalc.sty"
Package: bigintcalc 2019/12/15 v1.5 Expandable calculations on big integers (HO
)
))
\Fld@menulength=\count287
\Field@Width=\dimen185
\Fld@charsize=\dimen186
Package hyperref Info: Hyper figures OFF on input line 6430.
Package hyperref Info: Link nesting OFF on input line 6435.
Package hyperref Info: Hyper index ON on input line 6438.
Package hyperref Info: backreferencing OFF on input line 6445.
Package hyperref Info: Link coloring OFF on input line 6450.
Package hyperref Info: Link coloring with OCG OFF on input line 6455.
Package hyperref Info: PDF/A mode OFF on input line 6460.
LaTeX Info: Redefining \ref on input line 6500.
LaTeX Info: Redefining \pageref on input line 6504.

("C:\Users\Sander\AppData\Local\Programs\MiKTeX 2.9\tex/generic/atbegshi\atbegs
hi.sty"
Package: atbegshi 2019/12/05 v1.19 At begin shipout hook (HO)
)
\Hy@abspage=\count288
\c@Item=\count289
\c@Hfootnote=\count290
)
Package hyperref Info: Driver (autodetected): hpdftex.

("C:\Users\Sander\AppData\Local\Programs\MiKTeX 2.9\tex/latex/hyperref\hpdftex.
def"
File: hpdftex.def 2020/01/14 v7.00d Hyperref driver for pdfTeX

("C:\Users\Sander\AppData\Local\Programs\MiKTeX 2.9\tex/latex/atveryend\atverye
nd.sty"
Package: atveryend 2019-12-11 v1.11 Hooks at the very end of document (HO)
)
\Fld@listcount=\count291
\c@bookmark@seq@number=\count292

("C:\Users\Sander\AppData\Local\Programs\MiKTeX 2.9\tex/latex/rerunfilecheck\re
runfilecheck.sty"
Package: rerunfilecheck 2019/12/05 v1.9 Rerun checks for auxiliary files (HO)

("C:\Users\Sander\AppData\Local\Programs\MiKTeX 2.9\tex/generic/uniquecounter\u
niquecounter.sty"
Package: uniquecounter 2019/12/15 v1.4 Provide unlimited unique counter (HO)
)
Package uniquecounter Info: New unique counter `rerunfilecheck' on input line 2
86.
)
\Hy@SectionHShift=\skip66
)
("C:\Users\Sander\AppData\Local\Programs\MiKTeX 2.9\tex/latex/graphics\color.st
y"
Package: color 2019/11/23 v1.2a Standard LaTeX Color (DPC)

("C:\Users\Sander\AppData\Local\Programs\MiKTeX 2.9\tex/latex/graphics-cfg\colo
r.cfg"
File: color.cfg 2016/01/02 v1.6 sample color configuration
)
Package color Info: Driver file: pdftex.def on input line 147.

("C:\Users\Sander\AppData\Local\Programs\MiKTeX 2.9\tex/latex/graphics\dvipsnam
.def"
File: dvipsnam.def 2016/06/17 v3.0m Driver-dependent file (DPC,SPQR)
))
("C:\Users\Sander\AppData\Local\Programs\MiKTeX 2.9\tex/latex/l3backend\l3backe
nd-pdfmode.def"
File: l3backend-pdfmode.def 2020-03-12 L3 backend support: PDF mode
\l__kernel_color_stack_int=\count293
\l__pdf_internal_box=\box58
) (Project2.aux

LaTeX Warning: Label `fig:MSEvsLrateTOTAL8' multiply defined.

)
\openout1 = `Project2.aux'.

LaTeX Font Info:    Checking defaults for OML/cmm/m/it on input line 62.
LaTeX Font Info:    ... okay on input line 62.
LaTeX Font Info:    Checking defaults for OMS/cmsy/m/n on input line 62.
LaTeX Font Info:    ... okay on input line 62.
LaTeX Font Info:    Checking defaults for OT1/cmr/m/n on input line 62.
LaTeX Font Info:    ... okay on input line 62.
LaTeX Font Info:    Checking defaults for T1/cmr/m/n on input line 62.
LaTeX Font Info:    ... okay on input line 62.
LaTeX Font Info:    Checking defaults for TS1/cmr/m/n on input line 62.
LaTeX Font Info:    ... okay on input line 62.
LaTeX Font Info:    Checking defaults for OMX/cmex/m/n on input line 62.
LaTeX Font Info:    ... okay on input line 62.
LaTeX Font Info:    Checking defaults for U/cmr/m/n on input line 62.
LaTeX Font Info:    ... okay on input line 62.
LaTeX Font Info:    Checking defaults for PD1/pdf/m/n on input line 62.
LaTeX Font Info:    ... okay on input line 62.

("C:\Users\Sander\AppData\Local\Programs\MiKTeX 2.9\tex/context/base/mkii\supp-
pdf.mkii"
[Loading MPS to PDF converter (version 2006.09.02).]
\scratchcounter=\count294
\scratchdimen=\dimen187
\scratchbox=\box59
\nofMPsegments=\count295
\nofMParguments=\count296
\everyMPshowfont=\toks33
\MPscratchCnt=\count297
\MPscratchDim=\dimen188
\MPnumerator=\count298
\makeMPintoPDFobject=\count299
\everyMPtoPDFconversion=\toks34
)
("C:\Users\Sander\AppData\Local\Programs\MiKTeX 2.9\tex/latex/epstopdf-pkg\epst
opdf-base.sty"
Package: epstopdf-base 2020-01-24 v2.11 Base part for package epstopdf

("C:\Users\Sander\AppData\Local\Programs\MiKTeX 2.9\tex/latex/grfext\grfext.sty
"
Package: grfext 2019/12/03 v1.3 Manage graphics extensions (HO)
)
Package epstopdf-base Info: Redefining graphics rule for `.eps' on input line 4
85.
Package grfext Info: Graphics extension search list:
(grfext)             [.pdf,.png,.jpg,.mps,.jpeg,.jbig2,.jb2,.PDF,.PNG,.JPG,.JPE
G,.JBIG2,.JB2,.eps]
(grfext)             \AppendGraphicsExtensions on input line 504.
)
\c@lstlisting=\count300

*geometry* driver: auto-detecting
*geometry* detected driver: pdftex
*geometry* verbose mode - [ preamble ] result:
* driver: pdftex
* paper: a4paper
* layout: <same size as paper>
* layoutoffset:(h,v)=(0.0pt,0.0pt)
* modes: 
* h-part:(L,W,R)=(72.26999pt, 452.9679pt, 72.26999pt)
* v-part:(T,H,B)=(72.26999pt, 700.50687pt, 72.26999pt)
* \paperwidth=597.50787pt
* \paperheight=845.04684pt
* \textwidth=452.9679pt
* \textheight=700.50687pt
* \oddsidemargin=0.0pt
* \evensidemargin=0.0pt
* \topmargin=-37.0pt
* \headheight=12.0pt
* \headsep=25.0pt
* \topskip=12.0pt
* \footskip=30.0pt
* \marginparwidth=35.0pt
* \marginparsep=10.0pt
* \columnsep=10.0pt
* \skip\footins=10.8pt plus 4.0pt minus 2.0pt
* \hoffset=0.0pt
* \voffset=0.0pt
* \mag=1000
* \@twocolumnfalse
* \@twosidefalse
* \@mparswitchfalse
* \@reversemarginfalse
* (1in=72.27pt=25.4mm, 1cm=28.453pt)

Package caption Info: Begin \AtBeginDocument code.
Package caption Info: float package is loaded.
Package caption Info: hyperref package is loaded.
Package caption Info: End \AtBeginDocument code.
ABD: EveryShipout initializing macros
\AtBeginShipoutBox=\box60
Package hyperref Info: Link coloring OFF on input line 62.

("C:\Users\Sander\AppData\Local\Programs\MiKTeX 2.9\tex/latex/hyperref\nameref.
sty"
Package: nameref 2019/09/16 v2.46 Cross-referencing by name of section

("C:\Users\Sander\AppData\Local\Programs\MiKTeX 2.9\tex/latex/refcount\refcount
.sty"
Package: refcount 2019/12/15 v3.6 Data extraction from label references (HO)
)
("C:\Users\Sander\AppData\Local\Programs\MiKTeX 2.9\tex/generic/gettitlestring\
gettitlestring.sty"
Package: gettitlestring 2019/12/15 v1.6 Cleanup title references (HO)
)
\c@section@level=\count301
)
LaTeX Info: Redefining \ref on input line 62.
LaTeX Info: Redefining \pageref on input line 62.
LaTeX Info: Redefining \nameref on input line 62.
 (Project2.out) (Project2.out)
\@outlinefile=\write4
\openout4 = `Project2.out'.

 [1

{C:/Users/Sander/AppData/Local/MiKTeX/2.9/pdftex/config/pdftex.map}] [2]
LaTeX Font Info:    Trying to load font information for U+msa on input line 94.


("C:\Users\Sander\AppData\Local\Programs\MiKTeX 2.9\tex/latex/amsfonts\umsa.fd"
File: umsa.fd 2013/01/14 v3.01 AMS symbols A
)
LaTeX Font Info:    Trying to load font information for U+msb on input line 94.

 ("C:\Users\Sander\AppData\Local\Programs\MiKTeX 2.9\tex/latex/amsfonts\umsb.fd
"
File: umsb.fd 2013/01/14 v3.01 AMS symbols B
) [3]
<C:/Users/Sander/Documents/GitHub/FYS-STK4155/Project2/Project2/Report/Figures/
FrankOG.PNG, id=24, 1387.584pt x 734.9859pt>
File: C:/Users/Sander/Documents/GitHub/FYS-STK4155/Project2/Project2/Report/Fig
ures/FrankOG.PNG Graphic file (type png)
<use C:/Users/Sander/Documents/GitHub/FYS-STK4155/Project2/Project2/Report/Figu
res/FrankOG.PNG>
Package pdftex.def Info: C:/Users/Sander/Documents/GitHub/FYS-STK4155/Project2/
Project2/Report/Figures/FrankOG.PNG  used on input line 125.
(pdftex.def)             Requested size: 452.9679pt x 239.933pt.
 [4 <C:/Users/Sander/Documents/GitHub/FYS-STK4155/Project2/Project2/Report/Figu
res/FrankOG.PNG>] [5]

LaTeX Warning: `h' float specifier changed to `ht'.

<C:/Users/Sander/Documents/GitHub/FYS-STK4155/Project2/Project2/Report/Figures/
MSEvsEPOCH_StandardOLS.PNG, id=56, 1387.584pt x 734.9859pt>
File: C:/Users/Sander/Documents/GitHub/FYS-STK4155/Project2/Project2/Report/Fig
ures/MSEvsEPOCH_StandardOLS.PNG Graphic file (type png)
<use C:/Users/Sander/Documents/GitHub/FYS-STK4155/Project2/Project2/Report/Figu
res/MSEvsEPOCH_StandardOLS.PNG>
Package pdftex.def Info: C:/Users/Sander/Documents/GitHub/FYS-STK4155/Project2/
Project2/Report/Figures/MSEvsEPOCH_StandardOLS.PNG  used on input line 227.
(pdftex.def)             Requested size: 452.9679pt x 239.933pt.
[6]
<C:/Users/Sander/Documents/GitHub/FYS-STK4155/Project2/Project2/Report/Figures/
MSEvsEPOCH_StandardRIDGE.PNG, id=64, 1387.584pt x 734.9859pt>
File: C:/Users/Sander/Documents/GitHub/FYS-STK4155/Project2/Project2/Report/Fig
ures/MSEvsEPOCH_StandardRIDGE.PNG Graphic file (type png)
<use C:/Users/Sander/Documents/GitHub/FYS-STK4155/Project2/Project2/Report/Figu
res/MSEvsEPOCH_StandardRIDGE.PNG>
Package pdftex.def Info: C:/Users/Sander/Documents/GitHub/FYS-STK4155/Project2/
Project2/Report/Figures/MSEvsEPOCH_StandardRIDGE.PNG  used on input line 233.
(pdftex.def)             Requested size: 452.9679pt x 239.933pt.
 [7 <C:/Users/Sander/Documents/GitHub/FYS-STK4155/Project2/Project2/Report/Figu
res/MSEvsEPOCH_StandardOLS.PNG>]
<C:/Users/Sander/Documents/GitHub/FYS-STK4155/Project2/Project2/Report/Figures/
MSEvsEPOCH_BatchOLS.PNG, id=77, 1387.584pt x 734.9859pt>
File: C:/Users/Sander/Documents/GitHub/FYS-STK4155/Project2/Project2/Report/Fig
ures/MSEvsEPOCH_BatchOLS.PNG Graphic file (type png)
<use C:/Users/Sander/Documents/GitHub/FYS-STK4155/Project2/Project2/Report/Figu
res/MSEvsEPOCH_BatchOLS.PNG>
Package pdftex.def Info: C:/Users/Sander/Documents/GitHub/FYS-STK4155/Project2/
Project2/Report/Figures/MSEvsEPOCH_BatchOLS.PNG  used on input line 241.
(pdftex.def)             Requested size: 452.9679pt x 239.933pt.
<C:/Users/Sander/Documents/GitHub/FYS-STK4155/Project2/Project2/Report/Figures/
MSEvsEPOCH_BatchRIDGE.PNG, id=78, 1387.584pt x 734.9859pt>
File: C:/Users/Sander/Documents/GitHub/FYS-STK4155/Project2/Project2/Report/Fig
ures/MSEvsEPOCH_BatchRIDGE.PNG Graphic file (type png)
<use C:/Users/Sander/Documents/GitHub/FYS-STK4155/Project2/Project2/Report/Figu
res/MSEvsEPOCH_BatchRIDGE.PNG>
Package pdftex.def Info: C:/Users/Sander/Documents/GitHub/FYS-STK4155/Project2/
Project2/Report/Figures/MSEvsEPOCH_BatchRIDGE.PNG  used on input line 247.
(pdftex.def)             Requested size: 452.9679pt x 239.933pt.
 [8 <C:/Users/Sander/Documents/GitHub/FYS-STK4155/Project2/Project2/Report/Figu
res/MSEvsEPOCH_StandardRIDGE.PNG> <C:/Users/Sander/Documents/GitHub/FYS-STK4155
/Project2/Project2/Report/Figures/MSEvsEPOCH_BatchOLS.PNG>]
<C:/Users/Sander/Documents/GitHub/FYS-STK4155/Project2/Project2/Report/Figures/
MSEvsEPOCH_LearnOLS.PNG, id=90, 1387.584pt x 734.9859pt>
File: C:/Users/Sander/Documents/GitHub/FYS-STK4155/Project2/Project2/Report/Fig
ures/MSEvsEPOCH_LearnOLS.PNG Graphic file (type png)
<use C:/Users/Sander/Documents/GitHub/FYS-STK4155/Project2/Project2/Report/Figu
res/MSEvsEPOCH_LearnOLS.PNG>
Package pdftex.def Info: C:/Users/Sander/Documents/GitHub/FYS-STK4155/Project2/
Project2/Report/Figures/MSEvsEPOCH_LearnOLS.PNG  used on input line 257.
(pdftex.def)             Requested size: 452.9679pt x 239.933pt.
 [9 <C:/Users/Sander/Documents/GitHub/FYS-STK4155/Project2/Project2/Report/Figu
res/MSEvsEPOCH_BatchRIDGE.PNG>]
<C:/Users/Sander/Documents/GitHub/FYS-STK4155/Project2/Project2/Report/Figures/
MSEvsEPOCH_LearnRIDGE.PNG, id=96, 1387.584pt x 734.9859pt>
File: C:/Users/Sander/Documents/GitHub/FYS-STK4155/Project2/Project2/Report/Fig
ures/MSEvsEPOCH_LearnRIDGE.PNG Graphic file (type png)
<use C:/Users/Sander/Documents/GitHub/FYS-STK4155/Project2/Project2/Report/Figu
res/MSEvsEPOCH_LearnRIDGE.PNG>
Package pdftex.def Info: C:/Users/Sander/Documents/GitHub/FYS-STK4155/Project2/
Project2/Report/Figures/MSEvsEPOCH_LearnRIDGE.PNG  used on input line 263.
(pdftex.def)             Requested size: 452.9679pt x 239.933pt.
 [10 <C:/Users/Sander/Documents/GitHub/FYS-STK4155/Project2/Project2/Report/Fig
ures/MSEvsEPOCH_LearnOLS.PNG> <C:/Users/Sander/Documents/GitHub/FYS-STK4155/Pro
ject2/Project2/Report/Figures/MSEvsEPOCH_LearnRIDGE.PNG>]
<C:/Users/Sander/Documents/GitHub/FYS-STK4155/Project2/Project2/Report/Figures/
MSEvsEPOCH_lambRIDGE.PNG, id=108, 1387.584pt x 734.9859pt>
File: C:/Users/Sander/Documents/GitHub/FYS-STK4155/Project2/Project2/Report/Fig
ures/MSEvsEPOCH_lambRIDGE.PNG Graphic file (type png)
<use C:/Users/Sander/Documents/GitHub/FYS-STK4155/Project2/Project2/Report/Figu
res/MSEvsEPOCH_lambRIDGE.PNG>
Package pdftex.def Info: C:/Users/Sander/Documents/GitHub/FYS-STK4155/Project2/
Project2/Report/Figures/MSEvsEPOCH_lambRIDGE.PNG  used on input line 273.
(pdftex.def)             Requested size: 452.9679pt x 239.933pt.
<C:/Users/Sander/Documents/GitHub/FYS-STK4155/Project2/Project2/Report/Figures/
MSEvsEPOCH_StandardOLS_schedule.PNG, id=111, 1387.584pt x 734.9859pt>
File: C:/Users/Sander/Documents/GitHub/FYS-STK4155/Project2/Project2/Report/Fig
ures/MSEvsEPOCH_StandardOLS_schedule.PNG Graphic file (type png)
<use C:/Users/Sander/Documents/GitHub/FYS-STK4155/Project2/Project2/Report/Figu
res/MSEvsEPOCH_StandardOLS_schedule.PNG>
Package pdftex.def Info: C:/Users/Sander/Documents/GitHub/FYS-STK4155/Project2/
Project2/Report/Figures/MSEvsEPOCH_StandardOLS_schedule.PNG  used on input line
 287.
(pdftex.def)             Requested size: 452.9679pt x 239.933pt.
 [11 <C:/Users/Sander/Documents/GitHub/FYS-STK4155/Project2/Project2/Report/Fig
ures/MSEvsEPOCH_lambRIDGE.PNG>]
<C:/Users/Sander/Documents/GitHub/FYS-STK4155/Project2/Project2/Report/Figures/
MSEvsEPOCH_StandardRIDGE_schedule.PNG, id=118, 1387.584pt x 734.9859pt>
File: C:/Users/Sander/Documents/GitHub/FYS-STK4155/Project2/Project2/Report/Fig
ures/MSEvsEPOCH_StandardRIDGE_schedule.PNG Graphic file (type png)
<use C:/Users/Sander/Documents/GitHub/FYS-STK4155/Project2/Project2/Report/Figu
res/MSEvsEPOCH_StandardRIDGE_schedule.PNG>
Package pdftex.def Info: C:/Users/Sander/Documents/GitHub/FYS-STK4155/Project2/
Project2/Report/Figures/MSEvsEPOCH_StandardRIDGE_schedule.PNG  used on input li
ne 293.
(pdftex.def)             Requested size: 452.9679pt x 239.933pt.
<C:/Users/Sander/Documents/GitHub/FYS-STK4155/Project2/Project2/Report/Figures/
MSEvsEPOCH_BatchOLS_schedule.PNG, id=123, 1387.584pt x 734.9859pt>
File: C:/Users/Sander/Documents/GitHub/FYS-STK4155/Project2/Project2/Report/Fig
ures/MSEvsEPOCH_BatchOLS_schedule.PNG Graphic file (type png)
<use C:/Users/Sander/Documents/GitHub/FYS-STK4155/Project2/Project2/Report/Figu
res/MSEvsEPOCH_BatchOLS_schedule.PNG>
Package pdftex.def Info: C:/Users/Sander/Documents/GitHub/FYS-STK4155/Project2/
Project2/Report/Figures/MSEvsEPOCH_BatchOLS_schedule.PNG  used on input line 30
3.
(pdftex.def)             Requested size: 452.9679pt x 239.933pt.
 [12 <C:/Users/Sander/Documents/GitHub/FYS-STK4155/Project2/Project2/Report/Fig
ures/MSEvsEPOCH_StandardOLS_schedule.PNG> <C:/Users/Sander/Documents/GitHub/FYS
-STK4155/Project2/Project2/Report/Figures/MSEvsEPOCH_StandardRIDGE_schedule.PNG
>]
<C:/Users/Sander/Documents/GitHub/FYS-STK4155/Project2/Project2/Report/Figures/
MSEvsEPOCH_BatchRIDGE_schedule.PNG, id=132, 1387.584pt x 734.9859pt>
File: C:/Users/Sander/Documents/GitHub/FYS-STK4155/Project2/Project2/Report/Fig
ures/MSEvsEPOCH_BatchRIDGE_schedule.PNG Graphic file (type png)
<use C:/Users/Sander/Documents/GitHub/FYS-STK4155/Project2/Project2/Report/Figu
res/MSEvsEPOCH_BatchRIDGE_schedule.PNG>
Package pdftex.def Info: C:/Users/Sander/Documents/GitHub/FYS-STK4155/Project2/
Project2/Report/Figures/MSEvsEPOCH_BatchRIDGE_schedule.PNG  used on input line 
309.
(pdftex.def)             Requested size: 452.9679pt x 239.933pt.
 [13 <C:/Users/Sander/Documents/GitHub/FYS-STK4155/Project2/Project2/Report/Fig
ures/MSEvsEPOCH_BatchOLS_schedule.PNG> <C:/Users/Sander/Documents/GitHub/FYS-ST
K4155/Project2/Project2/Report/Figures/MSEvsEPOCH_BatchRIDGE_schedule.PNG>]
<C:/Users/Sander/Documents/GitHub/FYS-STK4155/Project2/Project2/Report/Figures/
MSEvsEPOCH_lambRIDGE_schedule.PNG, id=147, 1387.584pt x 734.9859pt>
File: C:/Users/Sander/Documents/GitHub/FYS-STK4155/Project2/Project2/Report/Fig
ures/MSEvsEPOCH_lambRIDGE_schedule.PNG Graphic file (type png)
<use C:/Users/Sander/Documents/GitHub/FYS-STK4155/Project2/Project2/Report/Figu
res/MSEvsEPOCH_lambRIDGE_schedule.PNG>
Package pdftex.def Info: C:/Users/Sander/Documents/GitHub/FYS-STK4155/Project2/
Project2/Report/Figures/MSEvsEPOCH_lambRIDGE_schedule.PNG  used on input line 3
21.
(pdftex.def)             Requested size: 452.9679pt x 239.933pt.
<C:/Users/Sander/Documents/GitHub/FYS-STK4155/Project2/Project2/Report/Figures/
MSEvsEPOCH_lambRIDGE_schedule2.PNG, id=148, 1387.584pt x 734.9859pt>
File: C:/Users/Sander/Documents/GitHub/FYS-STK4155/Project2/Project2/Report/Fig
ures/MSEvsEPOCH_lambRIDGE_schedule2.PNG Graphic file (type png)
<use C:/Users/Sander/Documents/GitHub/FYS-STK4155/Project2/Project2/Report/Figu
res/MSEvsEPOCH_lambRIDGE_schedule2.PNG>
Package pdftex.def Info: C:/Users/Sander/Documents/GitHub/FYS-STK4155/Project2/
Project2/Report/Figures/MSEvsEPOCH_lambRIDGE_schedule2.PNG  used on input line 
327.
(pdftex.def)             Requested size: 452.9679pt x 239.933pt.
 [14 <C:/Users/Sander/Documents/GitHub/FYS-STK4155/Project2/Project2/Report/Fig
ures/MSEvsEPOCH_lambRIDGE_schedule.PNG>] [15 <C:/Users/Sander/Documents/GitHub/
FYS-STK4155/Project2/Project2/Report/Figures/MSEvsEPOCH_lambRIDGE_schedule2.PNG
>]
<C:/Users/Sander/Documents/GitHub/FYS-STK4155/Project2/Project2/Report/Figures/
NeuralNetConcept.PNG, id=164, 931.22906pt x 507.39563pt>
File: C:/Users/Sander/Documents/GitHub/FYS-STK4155/Project2/Project2/Report/Fig
ures/NeuralNetConcept.PNG Graphic file (type png)
<use C:/Users/Sander/Documents/GitHub/FYS-STK4155/Project2/Project2/Report/Figu
res/NeuralNetConcept.PNG>
Package pdftex.def Info: C:/Users/Sander/Documents/GitHub/FYS-STK4155/Project2/
Project2/Report/Figures/NeuralNetConcept.PNG  used on input line 349.
(pdftex.def)             Requested size: 452.9679pt x 246.80661pt.
 [16 <C:/Users/Sander/Documents/GitHub/FYS-STK4155/Project2/Project2/Report/Fig
ures/NeuralNetConcept.PNG>] [17]
<C:/Users/Sander/Documents/GitHub/FYS-STK4155/Project2/Project2/Report/Figures/
MSEvsLearn_OLS_TOTAL_epoch100_batch10.PNG, id=187, 1387.584pt x 734.9859pt>
File: C:/Users/Sander/Documents/GitHub/FYS-STK4155/Project2/Project2/Report/Fig
ures/MSEvsLearn_OLS_TOTAL_epoch100_batch10.PNG Graphic file (type png)
<use C:/Users/Sander/Documents/GitHub/FYS-STK4155/Project2/Project2/Report/Figu
res/MSEvsLearn_OLS_TOTAL_epoch100_batch10.PNG>
Package pdftex.def Info: C:/Users/Sander/Documents/GitHub/FYS-STK4155/Project2/
Project2/Report/Figures/MSEvsLearn_OLS_TOTAL_epoch100_batch10.PNG  used on inpu
t line 421.
(pdftex.def)             Requested size: 452.9679pt x 239.933pt.
 [18]
<C:/Users/Sander/Documents/GitHub/FYS-STK4155/Project2/Project2/Report/Figures/
MSEvsLearn_OLS_TOTAL_epoch100_batch10_r2.PNG, id=194, 1387.584pt x 734.9859pt>
File: C:/Users/Sander/Documents/GitHub/FYS-STK4155/Project2/Project2/Report/Fig
ures/MSEvsLearn_OLS_TOTAL_epoch100_batch10_r2.PNG Graphic file (type png)
<use C:/Users/Sander/Documents/GitHub/FYS-STK4155/Project2/Project2/Report/Figu
res/MSEvsLearn_OLS_TOTAL_epoch100_batch10_r2.PNG>
Package pdftex.def Info: C:/Users/Sander/Documents/GitHub/FYS-STK4155/Project2/
Project2/Report/Figures/MSEvsLearn_OLS_TOTAL_epoch100_batch10_r2.PNG  used on i
nput line 427.
(pdftex.def)             Requested size: 452.9679pt x 239.933pt.
 [19 <C:/Users/Sander/Documents/GitHub/FYS-STK4155/Project2/Project2/Report/Fig
ures/MSEvsLearn_OLS_TOTAL_epoch100_batch10.PNG> <C:/Users/Sander/Documents/GitH
ub/FYS-STK4155/Project2/Project2/Report/Figures/MSEvsLearn_OLS_TOTAL_epoch100_b
atch10_r2.PNG>]
<C:/Users/Sander/Documents/GitHub/FYS-STK4155/Project2/Project2/Report/Figures/
MSEvsLearn_OLS_TOTAL_epoch500_batch10.PNG, id=206, 1387.584pt x 734.9859pt>
File: C:/Users/Sander/Documents/GitHub/FYS-STK4155/Project2/Project2/Report/Fig
ures/MSEvsLearn_OLS_TOTAL_epoch500_batch10.PNG Graphic file (type png)
<use C:/Users/Sander/Documents/GitHub/FYS-STK4155/Project2/Project2/Report/Figu
res/MSEvsLearn_OLS_TOTAL_epoch500_batch10.PNG>
Package pdftex.def Info: C:/Users/Sander/Documents/GitHub/FYS-STK4155/Project2/
Project2/Report/Figures/MSEvsLearn_OLS_TOTAL_epoch500_batch10.PNG  used on inpu
t line 435.
(pdftex.def)             Requested size: 452.9679pt x 239.933pt.
<C:/Users/Sander/Documents/GitHub/FYS-STK4155/Project2/Project2/Report/Figures/
MSEvsLearn_OLS_TOTAL_epoch500_batch10_r2.PNG, id=207, 1387.584pt x 734.9859pt>
File: C:/Users/Sander/Documents/GitHub/FYS-STK4155/Project2/Project2/Report/Fig
ures/MSEvsLearn_OLS_TOTAL_epoch500_batch10_r2.PNG Graphic file (type png)
<use C:/Users/Sander/Documents/GitHub/FYS-STK4155/Project2/Project2/Report/Figu
res/MSEvsLearn_OLS_TOTAL_epoch500_batch10_r2.PNG>
Package pdftex.def Info: C:/Users/Sander/Documents/GitHub/FYS-STK4155/Project2/
Project2/Report/Figures/MSEvsLearn_OLS_TOTAL_epoch500_batch10_r2.PNG  used on i
nput line 441.
(pdftex.def)             Requested size: 452.9679pt x 239.933pt.
 [20 <C:/Users/Sander/Documents/GitHub/FYS-STK4155/Project2/Project2/Report/Fig
ures/MSEvsLearn_OLS_TOTAL_epoch500_batch10.PNG> <C:/Users/Sander/Documents/GitH
ub/FYS-STK4155/Project2/Project2/Report/Figures/MSEvsLearn_OLS_TOTAL_epoch500_b
atch10_r2.PNG>]
<C:/Users/Sander/Documents/GitHub/FYS-STK4155/Project2/Project2/Report/Figures/
MSEvsLearn_OLS_TOTAL_epoch2000_batch10.PNG, id=218, 1387.584pt x 734.9859pt>
File: C:/Users/Sander/Documents/GitHub/FYS-STK4155/Project2/Project2/Report/Fig
ures/MSEvsLearn_OLS_TOTAL_epoch2000_batch10.PNG Graphic file (type png)
<use C:/Users/Sander/Documents/GitHub/FYS-STK4155/Project2/Project2/Report/Figu
res/MSEvsLearn_OLS_TOTAL_epoch2000_batch10.PNG>
Package pdftex.def Info: C:/Users/Sander/Documents/GitHub/FYS-STK4155/Project2/
Project2/Report/Figures/MSEvsLearn_OLS_TOTAL_epoch2000_batch10.PNG  used on inp
ut line 449.
(pdftex.def)             Requested size: 452.9679pt x 239.933pt.
<C:/Users/Sander/Documents/GitHub/FYS-STK4155/Project2/Project2/Report/Figures/
MSEvsLearn_OLS_TOTAL_epoch2000_batch10_r2.PNG, id=219, 1387.584pt x 734.9859pt>

File: C:/Users/Sander/Documents/GitHub/FYS-STK4155/Project2/Project2/Report/Fig
ures/MSEvsLearn_OLS_TOTAL_epoch2000_batch10_r2.PNG Graphic file (type png)
<use C:/Users/Sander/Documents/GitHub/FYS-STK4155/Project2/Project2/Report/Figu
res/MSEvsLearn_OLS_TOTAL_epoch2000_batch10_r2.PNG>
Package pdftex.def Info: C:/Users/Sander/Documents/GitHub/FYS-STK4155/Project2/
Project2/Report/Figures/MSEvsLearn_OLS_TOTAL_epoch2000_batch10_r2.PNG  used on 
input line 455.
(pdftex.def)             Requested size: 452.9679pt x 239.933pt.
 [21 <C:/Users/Sander/Documents/GitHub/FYS-STK4155/Project2/Project2/Report/Fig
ures/MSEvsLearn_OLS_TOTAL_epoch2000_batch10.PNG> <C:/Users/Sander/Documents/Git
Hub/FYS-STK4155/Project2/Project2/Report/Figures/MSEvsLearn_OLS_TOTAL_epoch2000
_batch10_r2.PNG>]
<C:/Users/Sander/Documents/GitHub/FYS-STK4155/Project2/Project2/Report/Figures/
MSEvsLearn_OLS_TOTAL_epoch2000_batch2.PNG, id=230, 1387.584pt x 734.9859pt>
File: C:/Users/Sander/Documents/GitHub/FYS-STK4155/Project2/Project2/Report/Fig
ures/MSEvsLearn_OLS_TOTAL_epoch2000_batch2.PNG Graphic file (type png)
<use C:/Users/Sander/Documents/GitHub/FYS-STK4155/Project2/Project2/Report/Figu
res/MSEvsLearn_OLS_TOTAL_epoch2000_batch2.PNG>
Package pdftex.def Info: C:/Users/Sander/Documents/GitHub/FYS-STK4155/Project2/
Project2/Report/Figures/MSEvsLearn_OLS_TOTAL_epoch2000_batch2.PNG  used on inpu
t line 465.
(pdftex.def)             Requested size: 452.9679pt x 239.933pt.
<C:/Users/Sander/Documents/GitHub/FYS-STK4155/Project2/Project2/Report/Figures/
MSEvsLearn_OLS_TOTAL_epoch2000_batch2_r2.PNG, id=231, 1387.584pt x 734.9859pt>
File: C:/Users/Sander/Documents/GitHub/FYS-STK4155/Project2/Project2/Report/Fig
ures/MSEvsLearn_OLS_TOTAL_epoch2000_batch2_r2.PNG Graphic file (type png)
<use C:/Users/Sander/Documents/GitHub/FYS-STK4155/Project2/Project2/Report/Figu
res/MSEvsLearn_OLS_TOTAL_epoch2000_batch2_r2.PNG>
Package pdftex.def Info: C:/Users/Sander/Documents/GitHub/FYS-STK4155/Project2/
Project2/Report/Figures/MSEvsLearn_OLS_TOTAL_epoch2000_batch2_r2.PNG  used on i
nput line 471.
(pdftex.def)             Requested size: 452.9679pt x 239.933pt.
 [22 <C:/Users/Sander/Documents/GitHub/FYS-STK4155/Project2/Project2/Report/Fig
ures/MSEvsLearn_OLS_TOTAL_epoch2000_batch2.PNG> <C:/Users/Sander/Documents/GitH
ub/FYS-STK4155/Project2/Project2/Report/Figures/MSEvsLearn_OLS_TOTAL_epoch2000_
batch2_r2.PNG>]
<C:/Users/Sander/Documents/GitHub/FYS-STK4155/Project2/Project2/Report/Figures/
heatmapOLS_TOTAL_sigmoidMSE_REAL.PNG, id=241, 1387.584pt x 734.9859pt>
File: C:/Users/Sander/Documents/GitHub/FYS-STK4155/Project2/Project2/Report/Fig
ures/heatmapOLS_TOTAL_sigmoidMSE_REAL.PNG Graphic file (type png)
<use C:/Users/Sander/Documents/GitHub/FYS-STK4155/Project2/Project2/Report/Figu
res/heatmapOLS_TOTAL_sigmoidMSE_REAL.PNG>
Package pdftex.def Info: C:/Users/Sander/Documents/GitHub/FYS-STK4155/Project2/
Project2/Report/Figures/heatmapOLS_TOTAL_sigmoidMSE_REAL.PNG  used on input lin
e 481.
(pdftex.def)             Requested size: 452.9679pt x 239.933pt.
<C:/Users/Sander/Documents/GitHub/FYS-STK4155/Project2/Project2/Report/Figures/
heatmapOLS_TOTAL_reluMSE_REAL.PNG, id=243, 1387.584pt x 734.9859pt>
File: C:/Users/Sander/Documents/GitHub/FYS-STK4155/Project2/Project2/Report/Fig
ures/heatmapOLS_TOTAL_reluMSE_REAL.PNG Graphic file (type png)
<use C:/Users/Sander/Documents/GitHub/FYS-STK4155/Project2/Project2/Report/Figu
res/heatmapOLS_TOTAL_reluMSE_REAL.PNG>
Package pdftex.def Info: C:/Users/Sander/Documents/GitHub/FYS-STK4155/Project2/
Project2/Report/Figures/heatmapOLS_TOTAL_reluMSE_REAL.PNG  used on input line 4
89.
(pdftex.def)             Requested size: 452.9679pt x 239.933pt.

[23 <C:/Users/Sander/Documents/GitHub/FYS-STK4155/Project2/Project2/Report/Figu
res/heatmapOLS_TOTAL_sigmoidMSE_REAL.PNG>]
<C:/Users/Sander/Documents/GitHub/FYS-STK4155/Project2/Project2/Report/Figures/
heatmapOLS_TOTAL_reluMSE_sci_REAL.PNG, id=250, 1387.584pt x 734.9859pt>
File: C:/Users/Sander/Documents/GitHub/FYS-STK4155/Project2/Project2/Report/Fig
ures/heatmapOLS_TOTAL_reluMSE_sci_REAL.PNG Graphic file (type png)
<use C:/Users/Sander/Documents/GitHub/FYS-STK4155/Project2/Project2/Report/Figu
res/heatmapOLS_TOTAL_reluMSE_sci_REAL.PNG>
Package pdftex.def Info: C:/Users/Sander/Documents/GitHub/FYS-STK4155/Project2/
Project2/Report/Figures/heatmapOLS_TOTAL_reluMSE_sci_REAL.PNG  used on input li
ne 495.
(pdftex.def)             Requested size: 452.9679pt x 239.933pt.
 [24 <C:/Users/Sander/Documents/GitHub/FYS-STK4155/Project2/Project2/Report/Fig
ures/heatmapOLS_TOTAL_reluMSE_REAL.PNG> <C:/Users/Sander/Documents/GitHub/FYS-S
TK4155/Project2/Project2/Report/Figures/heatmapOLS_TOTAL_reluMSE_sci_REAL.PNG>]
<C:/Users/Sander/Documents/GitHub/FYS-STK4155/Project2/Project2/Report/Figures/
heatmapOLS_TOTAL_leakyreluMSE_REAL.PNG, id=264, 1387.584pt x 734.9859pt>
File: C:/Users/Sander/Documents/GitHub/FYS-STK4155/Project2/Project2/Report/Fig
ures/heatmapOLS_TOTAL_leakyreluMSE_REAL.PNG Graphic file (type png)
<use C:/Users/Sander/Documents/GitHub/FYS-STK4155/Project2/Project2/Report/Figu
res/heatmapOLS_TOTAL_leakyreluMSE_REAL.PNG>
Package pdftex.def Info: C:/Users/Sander/Documents/GitHub/FYS-STK4155/Project2/
Project2/Report/Figures/heatmapOLS_TOTAL_leakyreluMSE_REAL.PNG  used on input l
ine 505.
(pdftex.def)             Requested size: 452.9679pt x 239.933pt.
<C:/Users/Sander/Documents/GitHub/FYS-STK4155/Project2/Project2/Report/Figures/
MSEvsLearn_Ridge_TOTAL_epoch2000_batch2.PNG, id=267, 1387.584pt x 734.9859pt>
File: C:/Users/Sander/Documents/GitHub/FYS-STK4155/Project2/Project2/Report/Fig
ures/MSEvsLearn_Ridge_TOTAL_epoch2000_batch2.PNG Graphic file (type png)
<use C:/Users/Sander/Documents/GitHub/FYS-STK4155/Project2/Project2/Report/Figu
res/MSEvsLearn_Ridge_TOTAL_epoch2000_batch2.PNG>
Package pdftex.def Info: C:/Users/Sander/Documents/GitHub/FYS-STK4155/Project2/
Project2/Report/Figures/MSEvsLearn_Ridge_TOTAL_epoch2000_batch2.PNG  used on in
put line 521.
(pdftex.def)             Requested size: 452.9679pt x 239.933pt.
 [25 <C:/Users/Sander/Documents/GitHub/FYS-STK4155/Project2/Project2/Report/Fig
ures/heatmapOLS_TOTAL_leakyreluMSE_REAL.PNG>]
<C:/Users/Sander/Documents/GitHub/FYS-STK4155/Project2/Project2/Report/Figures/
MSEvsLearn_Ridge_TOTAL_epoch2000_batch2_r2.PNG, id=276, 1387.584pt x 734.9859pt
>
File: C:/Users/Sander/Documents/GitHub/FYS-STK4155/Project2/Project2/Report/Fig
ures/MSEvsLearn_Ridge_TOTAL_epoch2000_batch2_r2.PNG Graphic file (type png)
<use C:/Users/Sander/Documents/GitHub/FYS-STK4155/Project2/Project2/Report/Figu
res/MSEvsLearn_Ridge_TOTAL_epoch2000_batch2_r2.PNG>
Package pdftex.def Info: C:/Users/Sander/Documents/GitHub/FYS-STK4155/Project2/
Project2/Report/Figures/MSEvsLearn_Ridge_TOTAL_epoch2000_batch2_r2.PNG  used on
 input line 527.
(pdftex.def)             Requested size: 452.9679pt x 239.933pt.
<C:/Users/Sander/Documents/GitHub/FYS-STK4155/Project2/Project2/Report/Figures/
heatmapRidge_TOTAL_sigmoid_REAL.PNG, id=277, 1387.584pt x 734.9859pt>
File: C:/Users/Sander/Documents/GitHub/FYS-STK4155/Project2/Project2/Report/Fig
ures/heatmapRidge_TOTAL_sigmoid_REAL.PNG Graphic file (type png)
<use C:/Users/Sander/Documents/GitHub/FYS-STK4155/Project2/Project2/Report/Figu
res/heatmapRidge_TOTAL_sigmoid_REAL.PNG>
Package pdftex.def Info: C:/Users/Sander/Documents/GitHub/FYS-STK4155/Project2/
Project2/Report/Figures/heatmapRidge_TOTAL_sigmoid_REAL.PNG  used on input line
 533.
(pdftex.def)             Requested size: 452.9679pt x 239.933pt.
 [26 <C:/Users/Sander/Documents/GitHub/FYS-STK4155/Project2/Project2/Report/Fig
ures/MSEvsLearn_Ridge_TOTAL_epoch2000_batch2.PNG> <C:/Users/Sander/Documents/Gi
tHub/FYS-STK4155/Project2/Project2/Report/Figures/MSEvsLearn_Ridge_TOTAL_epoch2
000_batch2_r2.PNG>]
<C:/Users/Sander/Documents/GitHub/FYS-STK4155/Project2/Project2/Report/Figures/
heatmapRidge_TOTAL_relu_REAL.PNG, id=285, 1387.584pt x 734.9859pt>
File: C:/Users/Sander/Documents/GitHub/FYS-STK4155/Project2/Project2/Report/Fig
ures/heatmapRidge_TOTAL_relu_REAL.PNG Graphic file (type png)
<use C:/Users/Sander/Documents/GitHub/FYS-STK4155/Project2/Project2/Report/Figu
res/heatmapRidge_TOTAL_relu_REAL.PNG>
Package pdftex.def Info: C:/Users/Sander/Documents/GitHub/FYS-STK4155/Project2/
Project2/Report/Figures/heatmapRidge_TOTAL_relu_REAL.PNG  used on input line 53
9.
(pdftex.def)             Requested size: 452.9679pt x 239.933pt.
<C:/Users/Sander/Documents/GitHub/FYS-STK4155/Project2/Project2/Report/Figures/
heatmapRidge_TOTAL_relu_sci_REAL.PNG, id=286, 1387.584pt x 734.9859pt>
File: C:/Users/Sander/Documents/GitHub/FYS-STK4155/Project2/Project2/Report/Fig
ures/heatmapRidge_TOTAL_relu_sci_REAL.PNG Graphic file (type png)
<use C:/Users/Sander/Documents/GitHub/FYS-STK4155/Project2/Project2/Report/Figu
res/heatmapRidge_TOTAL_relu_sci_REAL.PNG>
Package pdftex.def Info: C:/Users/Sander/Documents/GitHub/FYS-STK4155/Project2/
Project2/Report/Figures/heatmapRidge_TOTAL_relu_sci_REAL.PNG  used on input lin
e 545.
(pdftex.def)             Requested size: 452.9679pt x 239.933pt.
 [27 <C:/Users/Sander/Documents/GitHub/FYS-STK4155/Project2/Project2/Report/Fig
ures/heatmapRidge_TOTAL_sigmoid_REAL.PNG> <C:/Users/Sander/Documents/GitHub/FYS
-STK4155/Project2/Project2/Report/Figures/heatmapRidge_TOTAL_relu_REAL.PNG>]
<C:/Users/Sander/Documents/GitHub/FYS-STK4155/Project2/Project2/Report/Figures/
heatmapRidge_TOTAL_leakyrelu_REAL.PNG, id=295, 1387.584pt x 734.9859pt>
File: C:/Users/Sander/Documents/GitHub/FYS-STK4155/Project2/Project2/Report/Fig
ures/heatmapRidge_TOTAL_leakyrelu_REAL.PNG Graphic file (type png)
<use C:/Users/Sander/Documents/GitHub/FYS-STK4155/Project2/Project2/Report/Figu
res/heatmapRidge_TOTAL_leakyrelu_REAL.PNG>
Package pdftex.def Info: C:/Users/Sander/Documents/GitHub/FYS-STK4155/Project2/
Project2/Report/Figures/heatmapRidge_TOTAL_leakyrelu_REAL.PNG  used on input li
ne 551.
(pdftex.def)             Requested size: 452.9679pt x 239.933pt.
 [28 <C:/Users/Sander/Documents/GitHub/FYS-STK4155/Project2/Project2/Report/Fig
ures/heatmapRidge_TOTAL_relu_sci_REAL.PNG> <C:/Users/Sander/Documents/GitHub/FY
S-STK4155/Project2/Project2/Report/Figures/heatmapRidge_TOTAL_leakyrelu_REAL.PN
G>]
<C:/Users/Sander/Documents/GitHub/FYS-STK4155/Project2/Project2/Report/Figures/
DigitDataFig.PNG, id=306, 1387.584pt x 734.9859pt>
File: C:/Users/Sander/Documents/GitHub/FYS-STK4155/Project2/Project2/Report/Fig
ures/DigitDataFig.PNG Graphic file (type png)
<use C:/Users/Sander/Documents/GitHub/FYS-STK4155/Project2/Project2/Report/Figu
res/DigitDataFig.PNG>
Package pdftex.def Info: C:/Users/Sander/Documents/GitHub/FYS-STK4155/Project2/
Project2/Report/Figures/DigitDataFig.PNG  used on input line 569.
(pdftex.def)             Requested size: 452.9679pt x 239.933pt.
 [29 <C:/Users/Sander/Documents/GitHub/FYS-STK4155/Project2/Project2/Report/Fig
ures/DigitDataFig.PNG>] [30] [31] [32] [33] [34]
[35]
Package atveryend Info: Empty hook `BeforeClearDocument' on input line 643.
Package atveryend Info: Empty hook `AfterLastShipout' on input line 643.
 (Project2.aux)
Package atveryend Info: Executing hook `AtVeryEndDocument' on input line 643.
Package atveryend Info: Executing hook `AtEndAfterFileList' on input line 643.
Package rerunfilecheck Info: File `Project2.out' has not changed.
(rerunfilecheck)             Checksum: D41D8CD98F00B204E9800998ECF8427E;0.


LaTeX Warning: There were multiply-defined labels.

 ) 
Here is how much of TeX's memory you used:
 13429 strings out of 480934
 236827 string characters out of 2899449
 590666 words of memory out of 3000000
 28902 multiletter control sequences out of 15000+200000
 542075 words of font info for 59 fonts, out of 3000000 for 9000
 1141 hyphenation exceptions out of 8191
 43i,15n,77p,1236b,375s stack positions out of 5000i,500n,10000p,200000b,50000s
 <C:\Users\Sander\AppData\Local\MiKTeX\2.9\fonts/pk/ljfour/jknappen/ec/dpi600
\tcrm1200.pk><C:/Users/Sander/AppData/Local/Programs/MiKTeX 2.9/fonts/type1/pub
lic/amsfonts/cm/cmbx12.pfb><C:/Users/Sander/AppData/Local/Programs/MiKTeX 2.9/f
onts/type1/public/amsfonts/cm/cmbx8.pfb><C:/Users/Sander/AppData/Local/Programs
/MiKTeX 2.9/fonts/type1/public/amsfonts/cm/cmex10.pfb><C:/Users/Sander/AppData/
Local/Programs/MiKTeX 2.9/fonts/type1/public/amsfonts/cm/cmmi12.pfb><C:/Users/S
ander/AppData/Local/Programs/MiKTeX 2.9/fonts/type1/public/amsfonts/cm/cmmi8.pf
b><C:/Users/Sander/AppData/Local/Programs/MiKTeX 2.9/fonts/type1/public/amsfont
s/cm/cmmib10.pfb><C:/Users/Sander/AppData/Local/Programs/MiKTeX 2.9/fonts/type1
/public/amsfonts/cm/cmr12.pfb><C:/Users/Sander/AppData/Local/Programs/MiKTeX 2.
9/fonts/type1/public/amsfonts/cm/cmr6.pfb><C:/Users/Sander/AppData/Local/Progra
ms/MiKTeX 2.9/fonts/type1/public/amsfonts/cm/cmr8.pfb><C:/Users/Sander/AppData/
Local/Programs/MiKTeX 2.9/fonts/type1/public/amsfonts/cm/cmsy10.pfb><C:/Users/S
ander/AppData/Local/Programs/MiKTeX 2.9/fonts/type1/public/amsfonts/cm/cmsy8.pf
b><C:/Users/Sander/AppData/Local/Programs/MiKTeX 2.9/fonts/type1/public/amsfont
s/cm/cmtt12.pfb>
Output written on Project2.pdf (35 pages, 3125723 bytes).
PDF statistics:
 405 PDF objects out of 1000 (max. 8388607)
 82 named destinations out of 1000 (max. 500000)
 171 words of extra memory for PDF output out of 10000 (max. 10000000)

